<?xml version="1.0" encoding="UTF-8"?>
<!-- Generated by org.testng.reporters.JUnitXMLReporter -->
<testsuite hostname="c0dexter-HP-EliteBook-8540w" ignored="0" name="Negative Login Tests" tests="4" failures="1" timestamp="2020-09-16T23:20:10 CEST" time="25.514" errors="0">
  <testcase name="asUserTryToLogInWithCorrectLoginAndPassword" time="1.646" classname="framework.tests.PositiveLoginTests"/>
  <testcase name="asUserTryToLogInWithIncorrectLoginAndPassword" time="0.999" classname="framework.tests.FailedLoginTests">
    <skipped/>
  </testcase> <!-- asUserTryToLogInWithIncorrectLoginAndPassword -->
  <testcase name="asUserTryToLogInWithIncorrectLoginAndPassword" time="0.872" classname="framework.tests.FailedLoginTests">
    <skipped/>
  </testcase> <!-- asUserTryToLogInWithIncorrectLoginAndPassword -->
  <testcase name="asUserTryToLogInWithIncorrectLoginAndPassword" time="0.909" classname="framework.tests.FailedLoginTests">
    <failure type="java.lang.AssertionError" message="Element text was: &amp;quot;&amp;lt;Invalid username or password. Signon failed.&amp;gt;&amp;quot;, but expecting to be: &amp;quot;&amp;lt;Invalid username or password. Signon failed. 222222&amp;gt;&amp;quot;!">
      <![CDATA[java.lang.AssertionError: Element text was: "<Invalid username or password. Signon failed.>", but expecting to be: "<Invalid username or password. Signon failed. 222222>"!
at framework.page.objects.LoginPage.assertThatWarningIsDisplayed(LoginPage.java:71)
at framework.tests.FailedLoginTests.asUserTryToLogInWithIncorrectLoginAndPassword(FailedLoginTests.java:27)
at java.util.ArrayList.forEach(ArrayList.java:1259)
at java.util.concurrent.FutureTask.run(FutureTask.java:266)
at java.util.concurrent.ThreadPoolExecutor.runWorker(ThreadPoolExecutor.java:1149)
at java.util.concurrent.ThreadPoolExecutor$Worker.run(ThreadPoolExecutor.java:624)
at java.lang.Thread.run(Thread.java:748)
... Removed 18 stack frames]]>
    </failure>
  </testcase> <!-- asUserTryToLogInWithIncorrectLoginAndPassword -->
</testsuite> <!-- Negative Login Tests -->
