<?xml version="1.0" encoding="UTF-8"?>
<!-- Generated by org.testng.reporters.JUnitXMLReporter -->
<testsuite hostname="c0dexter-HP-EliteBook-8540w" ignored="0" name="Negative Login Tests" tests="2" failures="0" timestamp="2020-09-14T17:53:15 CEST" time="10.737" errors="0">
  <testcase name="asUserTryToLogInWithCorrectLoginAndPassword" time="1.742" classname="framework.tests.PositiveLoginTests"/>
  <testcase name="asUserTryToLogInWithIncorrectLoginAndPassword" time="0.748" classname="framework.tests.FailedLoginTests"/>
</testsuite> <!-- Negative Login Tests -->
