<?xml version="1.0" encoding="UTF-8"?>
<testsuite xmlns:xsi="http://www.w3.org/2001/XMLSchema-instance" xsi:noNamespaceSchemaLocation="https://maven.apache.org/surefire/maven-surefire-plugin/xsd/surefire-test-report-3.0.xsd" version="3.0" name="TestSuite" time="12.949" tests="2" errors="0" skipped="0" failures="0">
  <properties>
[...]
</properties>
  <testcase name="asUserTryToLogInWithCorrectLoginAndPassword" classname="framework.tests.PositiveLoginTests" time="1.481">
    <system-out><![CDATA[[INFO ] 2020-09-15 22:45:52.786 [TestNG-tests-1] configuration.PropertiesLoader - Trying to load properties with file name: configuration.properties
[INFO ] 2020-09-15 22:45:52.796 [TestNG-tests-1] configuration.PropertiesLoader - Successfully loaded properties for file: configuration.properties
[INFO ] 2020-09-15 22:45:55.747 [TestNG-tests-2] framework.driver.listeners.DriverEventListener - Trying to navigate to http://przyklady.javastart.pl/jpetstore/
[INFO ] 2020-09-15 22:45:56.021 [TestNG-tests-2] framework.driver.listeners.DriverEventListener - Navigated to http://przyklady.javastart.pl/jpetstore/
[INFO ] 2020-09-15 22:45:56.266 [TestNG-tests-2] framework.driver.listeners.DriverEventListener - Trying to navigate to http://przyklady.javastart.pl/jpetstore/actions/Account.action?signonForm=
[INFO ] 2020-09-15 22:45:56.533 [TestNG-tests-2] framework.driver.listeners.DriverEventListener - Navigated to http://przyklady.javastart.pl/jpetstore/actions/Account.action?signonForm=
[INFO ] 2020-09-15 22:45:56.652 [TestNG-tests-2] framework.driver.listeners.DriverEventListener - Trying to find element with locator By.name: username
[INFO ] 2020-09-15 22:45:56.694 [TestNG-tests-2] framework.driver.listeners.DriverEventListener - Found element with locator By.name: username
[INFO ] 2020-09-15 22:45:56.778 [TestNG-tests-2] framework.driver.listeners.DriverEventListener - Trying to find element with locator By.name: username
[INFO ] 2020-09-15 22:45:56.797 [TestNG-tests-2] framework.driver.listeners.DriverEventListener - Found element with locator By.name: username
[INFO ] 2020-09-15 22:45:56.808 [TestNG-tests-2] framework.driver.listeners.DriverEventListener - Trying to enter empty string or clear element: input
[INFO ] 2020-09-15 22:45:56.897 [TestNG-tests-2] framework.driver.listeners.DriverEventListener - Entered empty string or cleared element: input
[INFO ] 2020-09-15 22:45:56.897 [TestNG-tests-2] framework.driver.listeners.DriverEventListener - Trying to find element with locator By.name: username
[INFO ] 2020-09-15 22:45:56.912 [TestNG-tests-2] framework.driver.listeners.DriverEventListener - Found element with locator By.name: username
[INFO ] 2020-09-15 22:45:56.920 [TestNG-tests-2] framework.driver.listeners.DriverEventListener - Trying to type into element: input text [j2ee]
[INFO ] 2020-09-15 22:45:56.995 [TestNG-tests-2] framework.driver.listeners.DriverEventListener - Typed into element: input text [j2ee]
[INFO ] 2020-09-15 22:45:57.000 [TestNG-tests-2] framework.page.objects.LoginPage - Typed into User Name Field j2ee
[INFO ] 2020-09-15 22:45:57.000 [TestNG-tests-2] framework.driver.listeners.DriverEventListener - Trying to find element with locator By.name: password
[INFO ] 2020-09-15 22:45:57.023 [TestNG-tests-2] framework.driver.listeners.DriverEventListener - Found element with locator By.name: password
[INFO ] 2020-09-15 22:45:57.031 [TestNG-tests-2] framework.driver.listeners.DriverEventListener - Trying to enter empty string or clear element: input
[INFO ] 2020-09-15 22:45:57.098 [TestNG-tests-2] framework.driver.listeners.DriverEventListener - Entered empty string or cleared element: input
[INFO ] 2020-09-15 22:45:57.099 [TestNG-tests-2] framework.driver.listeners.DriverEventListener - Trying to find element with locator By.name: password
[INFO ] 2020-09-15 22:45:57.112 [TestNG-tests-2] framework.driver.listeners.DriverEventListener - Found element with locator By.name: password
[INFO ] 2020-09-15 22:45:57.118 [TestNG-tests-2] framework.driver.listeners.DriverEventListener - Trying to type into element: input text [j2ee]
[INFO ] 2020-09-15 22:45:57.188 [TestNG-tests-2] framework.driver.listeners.DriverEventListener - Typed into element: input text [j2ee]
[INFO ] 2020-09-15 22:45:57.188 [TestNG-tests-2] framework.page.objects.LoginPage - Typed into Password Field j2ee
[INFO ] 2020-09-15 22:45:57.189 [TestNG-tests-2] framework.driver.listeners.DriverEventListener - Trying to find element with locator By.name: signon
[INFO ] 2020-09-15 22:45:57.213 [TestNG-tests-2] framework.driver.listeners.DriverEventListener - Found element with locator By.name: signon
[INFO ] 2020-09-15 22:45:57.221 [TestNG-tests-2] framework.driver.listeners.DriverEventListener - Trying to click on element with tag name: input
[INFO ] 2020-09-15 22:45:57.516 [TestNG-tests-2] framework.driver.listeners.DriverEventListener - Clicked on element
[INFO ] 2020-09-15 22:45:57.517 [TestNG-tests-2] framework.page.objects.LoginPage - Clicked on Login Button
[INFO ] 2020-09-15 22:45:57.518 [TestNG-tests-2] framework.driver.listeners.DriverEventListener - Trying to find element with locator By.cssSelector: #Banner img[src*='dog']
[INFO ] 2020-09-15 22:45:57.545 [TestNG-tests-2] framework.driver.listeners.DriverEventListener - Found element with locator By.cssSelector: #Banner img[src*='dog']
[INFO ] 2020-09-15 22:45:57.653 [TestNG-tests-2] framework.driver.listeners.DriverEventListener - Trying to find element with locator By.cssSelector: #Banner img[src*='dog']
[INFO ] 2020-09-15 22:45:57.673 [TestNG-tests-2] framework.driver.listeners.DriverEventListener - Found element with locator By.cssSelector: #Banner img[src*='dog']
[INFO ] 2020-09-15 22:45:57.747 [TestNG-tests-2] framework.page.objects.FooterPage - Returning status of banner after login: true
]]></system-out>
    <system-err><![CDATA[Starting ChromeDriver 85.0.4183.87 (cd6713ebf92fa1cacc0f1a598df280093af0c5d7-refs/branch-heads/4183@{#1689}) on port 29742
Only local connections are allowed.
Please see https://chromedriver.chromium.org/security-considerations for suggestions on keeping ChromeDriver safe.
ChromeDriver was started successfully.
1600202753746	mozrunner::runner	INFO	Running command: "/usr/lib/firefox/firefox" "-marionette" "-foreground" "-no-remote" "-profile" "/tmp/rust_mozprofileCy7TGy"
wrz 15, 2020 10:45:55 PM org.openqa.selenium.remote.ProtocolHandshake createSession
INFO: Detected dialect: W3C
]]></system-err>
  </testcase>
  <testcase name="asUserTryToLogInWithIncorrectLoginAndPassword" classname="framework.tests.FailedLoginTests" time="1.003">
    <system-out><![CDATA[[INFO ] 2020-09-15 22:46:00.329 [TestNG-tests-1] framework.driver.listeners.DriverEventListener - Trying to navigate to http://przyklady.javastart.pl/jpetstore/
[INFO ] 2020-09-15 22:46:00.666 [TestNG-tests-1] framework.driver.listeners.DriverEventListener - Navigated to http://przyklady.javastart.pl/jpetstore/
[INFO ] 2020-09-15 22:46:00.681 [TestNG-tests-1] framework.driver.listeners.DriverEventListener - Trying to navigate to http://przyklady.javastart.pl/jpetstore/actions/Account.action?signonForm=
[INFO ] 2020-09-15 22:46:00.935 [TestNG-tests-1] framework.driver.listeners.DriverEventListener - Navigated to http://przyklady.javastart.pl/jpetstore/actions/Account.action?signonForm=
[INFO ] 2020-09-15 22:46:00.938 [TestNG-tests-1] framework.driver.listeners.DriverEventListener - Trying to find element with locator By.name: username
[INFO ] 2020-09-15 22:46:00.966 [TestNG-tests-1] framework.driver.listeners.DriverEventListener - Found element with locator By.name: username
[INFO ] 2020-09-15 22:46:01.019 [TestNG-tests-1] framework.driver.listeners.DriverEventListener - Trying to find element with locator By.name: username
[INFO ] 2020-09-15 22:46:01.030 [TestNG-tests-1] framework.driver.listeners.DriverEventListener - Found element with locator By.name: username
[INFO ] 2020-09-15 22:46:01.038 [TestNG-tests-1] framework.driver.listeners.DriverEventListener - Trying to enter empty string or clear element: input
[INFO ] 2020-09-15 22:46:01.060 [TestNG-tests-1] framework.driver.listeners.DriverEventListener - Entered empty string or cleared element: input
[INFO ] 2020-09-15 22:46:01.060 [TestNG-tests-1] framework.driver.listeners.DriverEventListener - Trying to find element with locator By.name: username
[INFO ] 2020-09-15 22:46:01.074 [TestNG-tests-1] framework.driver.listeners.DriverEventListener - Found element with locator By.name: username
[INFO ] 2020-09-15 22:46:01.081 [TestNG-tests-1] framework.driver.listeners.DriverEventListener - Trying to type into element: input text [NotExistingLogin]
[INFO ] 2020-09-15 22:46:01.141 [TestNG-tests-1] framework.driver.listeners.DriverEventListener - Typed into element: input text [NotExistingLogin]
[INFO ] 2020-09-15 22:46:01.141 [TestNG-tests-1] framework.page.objects.LoginPage - Typed into User Name Field NotExistingLogin
[INFO ] 2020-09-15 22:46:01.142 [TestNG-tests-1] framework.driver.listeners.DriverEventListener - Trying to find element with locator By.name: password
[INFO ] 2020-09-15 22:46:01.151 [TestNG-tests-1] framework.driver.listeners.DriverEventListener - Found element with locator By.name: password
[INFO ] 2020-09-15 22:46:01.157 [TestNG-tests-1] framework.driver.listeners.DriverEventListener - Trying to enter empty string or clear element: input
[INFO ] 2020-09-15 22:46:01.180 [TestNG-tests-1] framework.driver.listeners.DriverEventListener - Entered empty string or cleared element: input
[INFO ] 2020-09-15 22:46:01.180 [TestNG-tests-1] framework.driver.listeners.DriverEventListener - Trying to find element with locator By.name: password
[INFO ] 2020-09-15 22:46:01.189 [TestNG-tests-1] framework.driver.listeners.DriverEventListener - Found element with locator By.name: password
[INFO ] 2020-09-15 22:46:01.196 [TestNG-tests-1] framework.driver.listeners.DriverEventListener - Trying to type into element: input text [NotProperPassword]
[INFO ] 2020-09-15 22:46:01.243 [TestNG-tests-1] framework.driver.listeners.DriverEventListener - Typed into element: input text [NotProperPassword]
[INFO ] 2020-09-15 22:46:01.244 [TestNG-tests-1] framework.page.objects.LoginPage - Typed into Password Field NotProperPassword
[INFO ] 2020-09-15 22:46:01.245 [TestNG-tests-1] framework.driver.listeners.DriverEventListener - Trying to find element with locator By.name: signon
[INFO ] 2020-09-15 22:46:01.254 [TestNG-tests-1] framework.driver.listeners.DriverEventListener - Found element with locator By.name: signon
[INFO ] 2020-09-15 22:46:01.260 [TestNG-tests-1] framework.driver.listeners.DriverEventListener - Trying to click on element with tag name: input
[INFO ] 2020-09-15 22:46:01.405 [TestNG-tests-1] framework.driver.listeners.DriverEventListener - Clicked on element
[INFO ] 2020-09-15 22:46:01.405 [TestNG-tests-1] framework.page.objects.LoginPage - Clicked on Login Button
[INFO ] 2020-09-15 22:46:01.406 [TestNG-tests-1] framework.page.objects.LoginPage - Checking if warning message Invalid username or password. Signon failed. is displayed
[INFO ] 2020-09-15 22:46:01.407 [TestNG-tests-1] framework.driver.listeners.DriverEventListener - Trying to find element with locator By.cssSelector: #Content ul[class='messages'] li
[INFO ] 2020-09-15 22:46:01.433 [TestNG-tests-1] framework.driver.listeners.DriverEventListener - Found element with locator By.cssSelector: #Content ul[class='messages'] li
[INFO ] 2020-09-15 22:46:01.567 [TestNG-tests-1] framework.generic.assertions.AssertWebElement - Checking if element is displayed
[INFO ] 2020-09-15 22:46:01.568 [TestNG-tests-1] framework.driver.listeners.DriverEventListener - Trying to find element with locator By.cssSelector: #Content ul[class='messages'] li
[INFO ] 2020-09-15 22:46:01.578 [TestNG-tests-1] framework.driver.listeners.DriverEventListener - Found element with locator By.cssSelector: #Content ul[class='messages'] li
[INFO ] 2020-09-15 22:46:01.656 [TestNG-tests-1] framework.generic.assertions.AssertWebElement - WebElement was displayed!
[INFO ] 2020-09-15 22:46:01.657 [TestNG-tests-1] framework.generic.assertions.AssertWebElement - Checking if WebElement has text: Invalid username or password. Signon failed.
[INFO ] 2020-09-15 22:46:01.657 [TestNG-tests-1] framework.driver.listeners.DriverEventListener - Trying to find element with locator By.cssSelector: #Content ul[class='messages'] li
[INFO ] 2020-09-15 22:46:01.667 [TestNG-tests-1] framework.driver.listeners.DriverEventListener - Found element with locator By.cssSelector: #Content ul[class='messages'] li
[INFO ] 2020-09-15 22:46:01.668 [TestNG-tests-1] framework.driver.listeners.DriverEventListener - Trying to get text for WebElement
[INFO ] 2020-09-15 22:46:01.700 [TestNG-tests-1] framework.driver.listeners.DriverEventListener - Taken text of WebElement. Text wast Invalid username or password. Signon failed.
[INFO ] 2020-09-15 22:46:01.701 [TestNG-tests-1] framework.generic.assertions.AssertWebElement - WebElement had expected text!
]]></system-out>
    <system-err><![CDATA[console.error: SearchCache: "_readCacheFile: Error reading cache file:" (new Error("", "(unknown module)"))
JavaScript error: resource://gre/modules/TelemetryUtils.jsm, line 159: TypeError: date is undefined
1600202759859	Marionette	INFO	Listening on port 33467
1600202759901	Marionette	WARN	TLS certificate errors will be ignored for this session
wrz 15, 2020 10:45:59 PM org.openqa.selenium.remote.ProtocolHandshake createSession
INFO: Detected dialect: W3C
JavaScript error: resource://gre/modules/URIFixup.jsm, line 271: NS_ERROR_FAILURE: Should pass a non-null uri
]]></system-err>
  </testcase>
</testsuite>