<?xml version="1.0" encoding="UTF-8"?>
<testng-results skipped="0" failed="0" ignored="0" total="1" passed="1">
  <reporter-output>
  </reporter-output>
  <suite name="All Pet Store Tests" duration-ms="11903" started-at="2020-09-14T18:29:58 CEST" finished-at="2020-09-14T18:30:10 CEST">
    <groups>
    </groups>
    <test name="Negative Login Tests" duration-ms="11903" started-at="2020-09-14T18:29:58 CEST" finished-at="2020-09-14T18:30:10 CEST">
      <class name="framework.tests.FailedLoginTests">
        <test-method status="PASS" signature="beforeClass()[pri:0, instance:framework.tests.FailedLoginTests@2a2da905]" name="beforeClass" is-config="true" duration-ms="1377" started-at="2020-09-14T18:29:58 CEST" finished-at="2020-09-14T18:30:00 CEST">
          <reporter-output>
          </reporter-output>
        </test-method> <!-- beforeClass -->
        <test-method status="PASS" signature="beforeTest(framework.driver.BrowserType)[pri:0, instance:framework.tests.FailedLoginTests@2a2da905]" name="beforeTest" is-config="true" duration-ms="8897" started-at="2020-09-14T18:30:00 CEST" finished-at="2020-09-14T18:30:09 CEST">
          <params>
            <param index="0">
              <value>
                <![CDATA[FIREFOX]]>
              </value>
            </param>
          </params>
          <reporter-output>
          </reporter-output>
        </test-method> <!-- beforeTest -->
        <test-method status="PASS" signature="asUserTryToLogInWithIncorrectLoginAndPassword()[pri:0, instance:framework.tests.FailedLoginTests@2a2da905]" name="asUserTryToLogInWithIncorrectLoginAndPassword" duration-ms="738" started-at="2020-09-14T18:30:09 CEST" finished-at="2020-09-14T18:30:10 CEST">
          <reporter-output>
          </reporter-output>
        </test-method> <!-- asUserTryToLogInWithIncorrectLoginAndPassword -->
        <test-method status="PASS" signature="afterTest()[pri:0, instance:framework.tests.FailedLoginTests@2a2da905]" name="afterTest" is-config="true" duration-ms="835" started-at="2020-09-14T18:30:10 CEST" finished-at="2020-09-14T18:30:10 CEST">
          <reporter-output>
          </reporter-output>
        </test-method> <!-- afterTest -->
      </class> <!-- framework.tests.FailedLoginTests -->
    </test> <!-- Negative Login Tests -->
  </suite> <!-- All Pet Store Tests -->
</testng-results>
