<?xml version="1.0" encoding="UTF-8"?>
<testsuite xmlns:xsi="http://www.w3.org/2001/XMLSchema-instance" xsi:noNamespaceSchemaLocation="https://maven.apache.org/surefire/maven-surefire-plugin/xsd/surefire-test-report-3.0.xsd" version="3.0" name="TestSuite" time="13.6" tests="2" errors="0" skipped="0" failures="0">
  <properties>
[...]
</properties>
  <testcase name="asUserTryToLogInWithCorrectLoginAndPassword" classname="framework.tests.PositiveLoginTests" time="2.034">
    <system-out><![CDATA[[INFO ] 2020-09-14 18:30:00.352 [TestNG-tests-1] configuration.PropertiesLoader - Trying to load properties with file name: configuration.properties
[INFO ] 2020-09-14 18:30:00.364 [TestNG-tests-1] configuration.PropertiesLoader - Successfully loaded properties for file: configuration.properties
[INFO ] 2020-09-14 18:30:04.805 [TestNG-tests-2] framework.page.objects.LoginPage - Typed into User Name Field j2ee
[INFO ] 2020-09-14 18:30:05.000 [TestNG-tests-2] framework.page.objects.LoginPage - Typed into Password Field j2ee
[INFO ] 2020-09-14 18:30:05.554 [TestNG-tests-2] framework.page.objects.LoginPage - Clicked on Login Button
[INFO ] 2020-09-14 18:30:05.777 [TestNG-tests-2] framework.page.objects.FooterPage - Returning status of banner after login: true
]]></system-out>
    <system-err><![CDATA[Starting ChromeDriver 85.0.4183.87 (cd6713ebf92fa1cacc0f1a598df280093af0c5d7-refs/branch-heads/4183@{#1689}) on port 25767
Only local connections are allowed.
Please see https://chromedriver.chromium.org/security-considerations for suggestions on keeping ChromeDriver safe.
ChromeDriver was started successfully.
1600101001271	mozrunner::runner	INFO	Running command: "/usr/lib/firefox/firefox" "-marionette" "-foreground" "-no-remote" "-profile" "/tmp/rust_mozprofile7lk9Hh"
wrz 14, 2020 6:30:02 PM org.openqa.selenium.remote.ProtocolHandshake createSession
INFO: Detected dialect: W3C
]]></system-err>
  </testcase>
  <testcase name="asUserTryToLogInWithIncorrectLoginAndPassword" classname="framework.tests.FailedLoginTests" time="0.712">
    <system-out><![CDATA[[INFO ] 2020-09-14 18:30:09.690 [TestNG-tests-1] framework.page.objects.LoginPage - Typed into User Name Field NotExistingLogin
[INFO ] 2020-09-14 18:30:09.766 [TestNG-tests-1] framework.page.objects.LoginPage - Typed into Password Field NotProperPassword
[INFO ] 2020-09-14 18:30:09.899 [TestNG-tests-1] framework.page.objects.LoginPage - Clicked on Login Button
[INFO ] 2020-09-14 18:30:10.007 [TestNG-tests-1] framework.page.objects.LoginPage - Returned warning message was: Invalid username or password. Signon failed.
]]></system-out>
    <system-err><![CDATA[console.error: SearchCache: "_readCacheFile: Error reading cache file:" (new Error("", "(unknown module)"))
JavaScript error: resource://gre/modules/TelemetryUtils.jsm, line 159: TypeError: date is undefined
1600101008339	Marionette	INFO	Listening on port 40677
1600101008423	Marionette	WARN	TLS certificate errors will be ignored for this session
wrz 14, 2020 6:30:08 PM org.openqa.selenium.remote.ProtocolHandshake createSession
INFO: Detected dialect: W3C
JavaScript error: resource://gre/modules/URIFixup.jsm, line 271: NS_ERROR_FAILURE: Should pass a non-null uri
]]></system-err>
  </testcase>
</testsuite>