-------------------------------------------------------------------------------
Test set: TestSuite
-------------------------------------------------------------------------------
Tests run: 4, Failures: 1, Errors: 0, Skipped: 2, Time elapsed: 28.245 s <<< FAILURE! - in TestSuite
framework.tests.FailedLoginTests.asUserTryToLogInWithIncorrectLoginAndPassword  Time elapsed: 1.284 s  <<< FAILURE!
java.lang.AssertionError: Element text was: "<Invalid username or password. Signon failed.>", but expecting to be: "<Invalid username or password. Signon failed. 222222>"!
	at framework.tests.FailedLoginTests.asUserTryToLogInWithIncorrectLoginAndPassword(FailedLoginTests.java:27)

